0 info it worked if it ends with ok
1 verbose cli [ '/usr/local/Cellar/node/6.2.1/bin/node',
1 verbose cli   '/usr/local/lib/node_modules/npm/bin/npm-cli.js',
1 verbose cli   'run-script',
1 verbose cli   'start' ]
2 info using npm@3.9.3
3 info using node@v6.2.1
4 verbose run-script [ 'prestart', 'start', 'poststart' ]
5 info lifecycle qetch@0.0.0~prestart: qetch@0.0.0
6 silly lifecycle qetch@0.0.0~prestart: no script for prestart, continuing
7 info lifecycle qetch@0.0.0~start: qetch@0.0.0
8 verbose lifecycle qetch@0.0.0~start: unsafe-perm in lifecycle true
9 verbose lifecycle qetch@0.0.0~start: PATH: /usr/local/lib/node_modules/npm/bin/node-gyp-bin:/Users/miro/University/NYUAD/Qetch/Project/Server/node_modules/.bin:/usr/local/Cellar/node/6.2.1/bin:/usr/local/bin:/usr/local/sbin:/Users/miro/miniconda3/bin:/Users/miro/Applications/blog/bin:/usr/bin:/bin:/usr/sbin:/sbin:/opt/X11/bin:/Library/TeX/texbin:/Applications/Racket/bin
10 verbose lifecycle qetch@0.0.0~start: CWD: /Users/miro/University/NYUAD/Qetch/Project/Server
11 silly lifecycle qetch@0.0.0~start: Args: [ '-c', 'node ./bin/www' ]
12 silly lifecycle qetch@0.0.0~start: Returned: code: 1  signal: null
13 info lifecycle qetch@0.0.0~start: Failed to exec start script
14 verbose stack Error: qetch@0.0.0 start: `node ./bin/www`
14 verbose stack Exit status 1
14 verbose stack     at EventEmitter.<anonymous> (/usr/local/lib/node_modules/npm/lib/utils/lifecycle.js:245:16)
14 verbose stack     at emitTwo (events.js:106:13)
14 verbose stack     at EventEmitter.emit (events.js:191:7)
14 verbose stack     at ChildProcess.<anonymous> (/usr/local/lib/node_modules/npm/lib/utils/spawn.js:24:14)
14 verbose stack     at emitTwo (events.js:106:13)
14 verbose stack     at ChildProcess.emit (events.js:191:7)
14 verbose stack     at maybeClose (internal/child_process.js:852:16)
14 verbose stack     at Process.ChildProcess._handle.onexit (internal/child_process.js:215:5)
15 verbose pkgid qetch@0.0.0
16 verbose cwd /Users/miro/University/NYUAD/Qetch/Project/Server
17 error Darwin 15.6.0
18 error argv "/usr/local/Cellar/node/6.2.1/bin/node" "/usr/local/lib/node_modules/npm/bin/npm-cli.js" "run-script" "start"
19 error node v6.2.1
20 error npm  v3.9.3
21 error code ELIFECYCLE
22 error qetch@0.0.0 start: `node ./bin/www`
22 error Exit status 1
23 error Failed at the qetch@0.0.0 start script 'node ./bin/www'.
23 error Make sure you have the latest version of node.js and npm installed.
23 error If you do, this is most likely a problem with the qetch package,
23 error not with npm itself.
23 error Tell the author that this fails on your system:
23 error     node ./bin/www
23 error You can get information on how to open an issue for this project with:
23 error     npm bugs qetch
23 error Or if that isn't available, you can get their info via:
23 error     npm owner ls qetch
23 error There is likely additional logging output above.
24 verbose exit [ 1, true ]
